Arguments: 
  /Users/lixupeng/.nvm/versions/node/v16.4.2/bin/node /usr/local/Cellar/yarn/1.22.4/libexec/bin/yarn.js install

PATH: 
  /Users/lixupeng/.nvm/versions/node/v16.4.2/bin:/Users/lixupeng/.pyenv/bin:/Users/lixupeng/.pyenv/bin:/Users/lixupeng/.pyenv/bin:/Users/lixupeng/.pyenv/bin:/Users/lixupeng/.nvm/versions/node/v17.0.1/bin:/Library/Frameworks/Python.framework/Versions/3.8/bin:/Library/Frameworks/Python.framework/Versions/3.7/bin:/usr/local/bin:/usr/bin:/bin:/usr/sbin:/sbin:/opt/X11/bin:/Library/Frameworks/Mono.framework/Versions/Current/Commands:/Users/lixupeng/.pyenv/bin:/Users/lixupeng/.nvm/versions/node/v17.0.1/bin:/Library/Frameworks/Python.framework/Versions/3.8/bin:/Library/Frameworks/Python.framework/Versions/3.7/bin

Yarn version: 
  1.22.4

Node version: 
  16.4.2

Platform: 
  darwin x64

Trace: 
  SyntaxError: /Users/lixupeng/Local-Work/yan/frontend/apps/dashboard/package.json: Unexpected token } in JSON at position 756
      at JSON.parse (<anonymous>)
      at /usr/local/Cellar/yarn/1.22.4/libexec/lib/cli.js:1625:59
      at Generator.next (<anonymous>)
      at step (/usr/local/Cellar/yarn/1.22.4/libexec/lib/cli.js:310:30)
      at /usr/local/Cellar/yarn/1.22.4/libexec/lib/cli.js:321:13

npm manifest: 
  {
    "name": "dashboard",
    "version": "1.0.0",
    "private": true,
    "dependencies": {
      "@radix-ui/colors": "^0.1.7",
      "@stitches/react": "^1.2.8",
      "@types/node": "^16.4.13",
      "@types/react-helmet": "^6.1.5",
      "axios": "^0.21.1",
      "classnames": "^2.3.1",
      "history": "^4.10.1",
      "moment": "^2.29.1",
      "prettier": "^2.3.2",
      "react": "^17.0.2",
      "react-bootstrap": "^1.6.1",
      "react-datetime": "^3.0.4",
      "react-draggable": "^4.4.3",
      "react-helmet": "^6.1.0",
      "react-modal": "^3.14.3",
      "react-rating-stars-component": "^2.2.0",
      "react-router-dom": "^5.2.0",
      "react-scripts": "4.0.3",
      "reactjs-popup": "^2.0.4",
      "rsuite": "^4.10.2",
      "sass": "^1.34.1",
      "semantic-ui-css": "^2.4.1",
    },
    "scripts": {
      "start": "react-scripts start",
      "build": "react-scripts build",
      "prettier": "prettier --write --config ./.prettierrc.json \"**/*.{js,jsx,ts,tsx,scss,json}\"",
      "eslint": "eslint --config ./.eslintrc.json \"**/*.{js,jsx,ts,tsx}\" --fix",
      "stylelint": "stylelint \"**/*.{css,scss}\" --fix",
      "lint": "yarn eslint && yarn prettier && yarn stylelint",
      "dev": "yarn lint && yarn start"
    },
    "eslintConfig": {
      "extends": [
        "react-app"
      ]
    },
    "devDependencies": {
      "@types/react-helmet": "^6.1.2",
      "@types/react-modal": "^3.12.1",
      "@types/react-router-dom": "^5.1.8",
      "@types/react-swipeable-views": "^0.13.1",
      "@types/react-tabs": "^2.3.3"
    },
    "browserslist": {
      "production": [
        ">0.2%",
        "not dead",
        "not op_mini all"
      ],
      "development": [
        "last 1 chrome version",
        "last 1 firefox version",
        "last 1 safari version"
      ]
    },
    "resolutions": {
      "@types/react": "^17.0.2"
    }
  }

yarn manifest: 
  No manifest

Lockfile: 
  No lockfile
